Using pre-set license
Built from '2020.3/release' branch; Version is '2020.3.12f1 (b3b2c6512326) revision 11776710'; Using compiler version '192528614'; Build Type 'Release'
OS: 'Windows 10 Pro; OS build 19043.1466; Version 2009; 64bit' Language: 'en' Physical Memory: 32696 MB
BatchMode: 1, IsHumanControllingUs: 0, StartBugReporterOnCrash: 0, Is64bit: 1, IsPro: 0

 COMMAND LINE ARGUMENTS:
C:\Program Files\Unity\Hub\Editor\2020.3.12f1\Editor\Unity.exe
-adb2
-batchMode
-noUpm
-name
AssetImportWorker0
-projectPath
C:/Users/stobi/RPGGame
-logFile
Logs/AssetImportWorker0.log
-srvPort
62721
Successfully changed project path to: C:/Users/stobi/RPGGame
C:/Users/stobi/RPGGame
Using Asset Import Pipeline V2.
Refreshing native plugins compatible for Editor in 70.65 ms, found 3 plugins.
Preloading 0 native plugins for Editor in 0.00 ms.
Initialize engine version: 2020.3.12f1 (b3b2c6512326)
[Subsystems] Discovering subsystems at path C:/Program Files/Unity/Hub/Editor/2020.3.12f1/Editor/Data/Resources/UnitySubsystems
[Subsystems] Discovering subsystems at path C:/Users/stobi/RPGGame/Assets
GfxDevice: creating device client; threaded=0
Direct3D:
    Version:  Direct3D 11.0 [level 11.1]
    Renderer: NVIDIA GeForce RTX 3070 (ID=0x2488)
    Vendor:   
    VRAM:     8043 MB
    Driver:   30.0.14.7212
Initialize mono
Mono path[0] = 'C:/Program Files/Unity/Hub/Editor/2020.3.12f1/Editor/Data/Managed'
Mono path[1] = 'C:/Program Files/Unity/Hub/Editor/2020.3.12f1/Editor/Data/MonoBleedingEdge/lib/mono/unityjit'
Mono config path = 'C:/Program Files/Unity/Hub/Editor/2020.3.12f1/Editor/Data/MonoBleedingEdge/etc'
Using monoOptions --debugger-agent=transport=dt_socket,embedding=1,server=y,suspend=n,address=127.0.0.1:56288
Begin MonoManager ReloadAssembly
Registering precompiled unity dll's ...
Register platform support module: C:/Program Files/Unity/Hub/Editor/2020.3.12f1/Editor/Data/PlaybackEngines/WindowsStandaloneSupport/UnityEditor.WindowsStandalone.Extensions.dll
Registered in 0.003735 seconds.
Native extension for WindowsStandalone target not found
Refreshing native plugins compatible for Editor in 66.70 ms, found 3 plugins.
Preloading 0 native plugins for Editor in 0.00 ms.
Mono: successfully reloaded assembly
- Completed reload, in  1.724 seconds
Platform modules already initialized, skipping
Registering precompiled user dll's ...
Registered in 0.010232 seconds.
Begin MonoManager ReloadAssembly
Native extension for WindowsStandalone target not found
Refreshing native plugins compatible for Editor in 65.72 ms, found 3 plugins.
Preloading 0 native plugins for Editor in 0.00 ms.
Mono: successfully reloaded assembly
- Completed reload, in  1.505 seconds
Platform modules already initialized, skipping
========================================================================
Worker process is ready to serve import requests
Launched and connected shader compiler UnityShaderCompiler.exe after 0.05 seconds
Refreshing native plugins compatible for Editor in 0.70 ms, found 3 plugins.
Preloading 0 native plugins for Editor in 0.00 ms.
Unloading 2103 Unused Serialized files (Serialized files now loaded: 0)
System memory in use before: 93.7 MB.
System memory in use after: 93.6 MB.

Unloading 32 unused Assets to reduce memory usage. Loaded Objects now: 2540.
Total: 2.827600 ms (FindLiveObjects: 0.283700 ms CreateObjectMapping: 0.070400 ms MarkObjects: 2.334700 ms  DeleteObjects: 0.137200 ms)

AssetImportParameters requested are different than current active one (requested -> active):
  custom:framework-win-MediaFoundation: 216162199b28c13a410421893ffa2e32 -> 
  custom:video-decoder-ogg-theora: a1e56fd34408186e4bbccfd4996cb3dc -> 
  custom:container-muxer-webm: aa71ff27fc2769a1b78a27578f13a17b -> 
  custom:container-demuxer-webm: 4f35f7cbe854078d1ac9338744f61a02 -> 
  custom:container-demuxer-ogg: 62fdf1f143b41e24485cea50d1cbac27 -> 
  custom:video-encoder-webm-vp8: eb34c28f22e8b96e1ab97ce403110664 -> 
  custom:video-decoder-webm-vp8: 9c59270c3fd7afecdb556c50c9e8de78 -> 
  custom:audio-decoder-ogg-vorbis: bf7c407c2cedff20999df2af8eb42d56 -> 
  custom:audio-encoder-webm-vorbis: bf7c407c2cedff20999df2af8eb42d56 -> 
========================================================================
Received Import Request.
  path: Assets/Game/Resources/Move/MegaGrowl.asset
  artifactKey: Guid(647b09c80c09e9e449005f092c064b32) Importer(815301076,1909f56bfc062723c751e8b465ee728b)
Start importing Assets/Game/Resources/Move/MegaGrowl.asset using Guid(647b09c80c09e9e449005f092c064b32) Importer(815301076,1909f56bfc062723c751e8b465ee728b)  -> (artifact id: '97c68d8128ae611437c9e9ac485dbc0f') in 0.043583 seconds 
  Import took 0.047422 seconds .

========================================================================
Received Import Request.
  Time since last request: 6.694948 seconds.
  path: Assets/Plugins/Demigiant
  artifactKey: Guid(cb26a723dbb2826409bcca38aced356a) Importer(815301076,1909f56bfc062723c751e8b465ee728b)
Start importing Assets/Plugins/Demigiant using Guid(cb26a723dbb2826409bcca38aced356a) Importer(815301076,1909f56bfc062723c751e8b465ee728b)  -> (artifact id: '995885f41fe3d071b5fbc47ee0c08bd3') in 0.016114 seconds 
  Import took 0.021621 seconds .

========================================================================
Received Import Request.
  Time since last request: 8.094085 seconds.
  path: Assets/Scripts/Battle/BattleSystem.cs
  artifactKey: Guid(b73f48280743a394b8bfce8fd784ccaa) Importer(815301076,1909f56bfc062723c751e8b465ee728b)
Start importing Assets/Scripts/Battle/BattleSystem.cs using Guid(b73f48280743a394b8bfce8fd784ccaa) Importer(815301076,1909f56bfc062723c751e8b465ee728b)  -> (artifact id: '396b25683565d2ead849850526d92a61') in 0.025431 seconds 
  Import took 0.030890 seconds .

========================================================================
Received Import Request.
  Time since last request: 0.018222 seconds.
  path: Assets/Scripts/Battle/BattleSystem.cs
  artifactKey: Guid(b73f48280743a394b8bfce8fd784ccaa) Importer(815301076,1909f56bfc062723c751e8b465ee728b)
Start importing Assets/Scripts/Battle/BattleSystem.cs using Guid(b73f48280743a394b8bfce8fd784ccaa) Importer(815301076,1909f56bfc062723c751e8b465ee728b)  -> (artifact id: '396b25683565d2ead849850526d92a61') in 0.003273 seconds 
  Import took 0.007129 seconds .

========================================================================
Received Import Request.
  Time since last request: 2148.666836 seconds.
  path: Assets/Scripts/Foes/Foe.cs
  artifactKey: Guid(323c7a705fe067d4b828f5ac0b3e6d2a) Importer(815301076,1909f56bfc062723c751e8b465ee728b)
Start importing Assets/Scripts/Foes/Foe.cs using Guid(323c7a705fe067d4b828f5ac0b3e6d2a) Importer(815301076,1909f56bfc062723c751e8b465ee728b)  -> (artifact id: '00295414b27df2964ca4f4c69f29bd5d') in 0.018252 seconds 
  Import took 0.022547 seconds .

========================================================================
Received Import Request.
  Time since last request: 130.467592 seconds.
  path: Assets/Scripts/Foes/Foe.cs
  artifactKey: Guid(323c7a705fe067d4b828f5ac0b3e6d2a) Importer(815301076,1909f56bfc062723c751e8b465ee728b)
Start importing Assets/Scripts/Foes/Foe.cs using Guid(323c7a705fe067d4b828f5ac0b3e6d2a) Importer(815301076,1909f56bfc062723c751e8b465ee728b)  -> (artifact id: '28f75adcf52314a92cfa18c23f3101ac') in 0.003557 seconds 
  Import took 0.008085 seconds .

========================================================================
Received Prepare
Registering precompiled user dll's ...
Registered in 0.009200 seconds.
Begin MonoManager ReloadAssembly
Native extension for WindowsStandalone target not found
Refreshing native plugins compatible for Editor in 0.75 ms, found 3 plugins.
Preloading 0 native plugins for Editor in 0.00 ms.
Mono: successfully reloaded assembly
- Completed reload, in  1.356 seconds
Platform modules already initialized, skipping
Refreshing native plugins compatible for Editor in 0.74 ms, found 3 plugins.
Preloading 0 native plugins for Editor in 0.00 ms.
Unloading 2095 Unused Serialized files (Serialized files now loaded: 0)
System memory in use before: 93.3 MB.
System memory in use after: 93.4 MB.

Unloading 21 unused Assets to reduce memory usage. Loaded Objects now: 2543.
Total: 3.241900 ms (FindLiveObjects: 0.290100 ms CreateObjectMapping: 0.087000 ms MarkObjects: 2.739000 ms  DeleteObjects: 0.124000 ms)

AssetImportParameters requested are different than current active one (requested -> active):
  custom:framework-win-MediaFoundation: 216162199b28c13a410421893ffa2e32 -> 
  custom:video-decoder-ogg-theora: a1e56fd34408186e4bbccfd4996cb3dc -> 
  custom:container-muxer-webm: aa71ff27fc2769a1b78a27578f13a17b -> 
  custom:container-demuxer-webm: 4f35f7cbe854078d1ac9338744f61a02 -> 
  custom:container-demuxer-ogg: 62fdf1f143b41e24485cea50d1cbac27 -> 
  custom:video-encoder-webm-vp8: eb34c28f22e8b96e1ab97ce403110664 -> 
  custom:video-decoder-webm-vp8: 9c59270c3fd7afecdb556c50c9e8de78 -> 
  custom:audio-decoder-ogg-vorbis: bf7c407c2cedff20999df2af8eb42d56 -> 
  custom:audio-encoder-webm-vorbis: bf7c407c2cedff20999df2af8eb42d56 -> 
========================================================================
Received Prepare
Registering precompiled user dll's ...
Registered in 0.008447 seconds.
Begin MonoManager ReloadAssembly
Native extension for WindowsStandalone target not found
Refreshing native plugins compatible for Editor in 0.86 ms, found 3 plugins.
Preloading 0 native plugins for Editor in 0.00 ms.
Mono: successfully reloaded assembly
- Completed reload, in  1.373 seconds
Platform modules already initialized, skipping
Refreshing native plugins compatible for Editor in 0.73 ms, found 3 plugins.
Preloading 0 native plugins for Editor in 0.00 ms.
Unloading 2095 Unused Serialized files (Serialized files now loaded: 0)
System memory in use before: 93.4 MB.
System memory in use after: 93.4 MB.

Unloading 21 unused Assets to reduce memory usage. Loaded Objects now: 2546.
Total: 2.791500 ms (FindLiveObjects: 0.270900 ms CreateObjectMapping: 0.076700 ms MarkObjects: 2.332200 ms  DeleteObjects: 0.110200 ms)

AssetImportParameters requested are different than current active one (requested -> active):
  custom:framework-win-MediaFoundation: 216162199b28c13a410421893ffa2e32 -> 
  custom:video-decoder-ogg-theora: a1e56fd34408186e4bbccfd4996cb3dc -> 
  custom:container-muxer-webm: aa71ff27fc2769a1b78a27578f13a17b -> 
  custom:container-demuxer-webm: 4f35f7cbe854078d1ac9338744f61a02 -> 
  custom:container-demuxer-ogg: 62fdf1f143b41e24485cea50d1cbac27 -> 
  custom:video-encoder-webm-vp8: eb34c28f22e8b96e1ab97ce403110664 -> 
  custom:video-decoder-webm-vp8: 9c59270c3fd7afecdb556c50c9e8de78 -> 
  custom:audio-decoder-ogg-vorbis: bf7c407c2cedff20999df2af8eb42d56 -> 
  custom:audio-encoder-webm-vorbis: bf7c407c2cedff20999df2af8eb42d56 -> 
========================================================================
Received Import Request.
  Time since last request: 961.582456 seconds.
  path: Assets/Scripts/Foes/Foe.cs
  artifactKey: Guid(323c7a705fe067d4b828f5ac0b3e6d2a) Importer(815301076,1909f56bfc062723c751e8b465ee728b)
Start importing Assets/Scripts/Foes/Foe.cs using Guid(323c7a705fe067d4b828f5ac0b3e6d2a) Importer(815301076,1909f56bfc062723c751e8b465ee728b)  -> (artifact id: 'c7b0f87d7607c646103769a81b63cf36') in 0.007836 seconds 
  Import took 0.012292 seconds .

========================================================================
Received Import Request.
  Time since last request: 0.104748 seconds.
  path: Assets/Scripts/Foes/Foe.cs
  artifactKey: Guid(323c7a705fe067d4b828f5ac0b3e6d2a) Importer(815301076,1909f56bfc062723c751e8b465ee728b)
Start importing Assets/Scripts/Foes/Foe.cs using Guid(323c7a705fe067d4b828f5ac0b3e6d2a) Importer(815301076,1909f56bfc062723c751e8b465ee728b)  -> (artifact id: 'c7b0f87d7607c646103769a81b63cf36') in 0.003304 seconds 
  Import took 0.007475 seconds .

========================================================================
Received Prepare
Registering precompiled user dll's ...
Registered in 0.009005 seconds.
Begin MonoManager ReloadAssembly
Native extension for WindowsStandalone target not found
Refreshing native plugins compatible for Editor in 0.94 ms, found 3 plugins.
Preloading 0 native plugins for Editor in 0.00 ms.
Mono: successfully reloaded assembly
- Completed reload, in  1.501 seconds
Platform modules already initialized, skipping
Refreshing native plugins compatible for Editor in 0.77 ms, found 3 plugins.
Preloading 0 native plugins for Editor in 0.00 ms.
Unloading 2095 Unused Serialized files (Serialized files now loaded: 0)
System memory in use before: 93.4 MB.
System memory in use after: 93.4 MB.

Unloading 21 unused Assets to reduce memory usage. Loaded Objects now: 2549.
Total: 3.532000 ms (FindLiveObjects: 0.289700 ms CreateObjectMapping: 0.062500 ms MarkObjects: 3.022600 ms  DeleteObjects: 0.155200 ms)

AssetImportParameters requested are different than current active one (requested -> active):
  custom:framework-win-MediaFoundation: 216162199b28c13a410421893ffa2e32 -> 
  custom:video-decoder-ogg-theora: a1e56fd34408186e4bbccfd4996cb3dc -> 
  custom:container-muxer-webm: aa71ff27fc2769a1b78a27578f13a17b -> 
  custom:container-demuxer-webm: 4f35f7cbe854078d1ac9338744f61a02 -> 
  custom:container-demuxer-ogg: 62fdf1f143b41e24485cea50d1cbac27 -> 
  custom:video-encoder-webm-vp8: eb34c28f22e8b96e1ab97ce403110664 -> 
  custom:video-decoder-webm-vp8: 9c59270c3fd7afecdb556c50c9e8de78 -> 
  custom:audio-decoder-ogg-vorbis: bf7c407c2cedff20999df2af8eb42d56 -> 
  custom:audio-encoder-webm-vorbis: bf7c407c2cedff20999df2af8eb42d56 -> 
========================================================================
Received Import Request.
  Time since last request: 8529.436624 seconds.
  path: Assets/Scripts/Foes/Foe.cs
  artifactKey: Guid(323c7a705fe067d4b828f5ac0b3e6d2a) Importer(815301076,1909f56bfc062723c751e8b465ee728b)
Start importing Assets/Scripts/Foes/Foe.cs using Guid(323c7a705fe067d4b828f5ac0b3e6d2a) Importer(815301076,1909f56bfc062723c751e8b465ee728b)  -> (artifact id: '4f71501bc0e990ff89e78e828ea298fb') in 0.009015 seconds 
  Import took 0.013105 seconds .

